[    0.000000] Initializing cgroup subsys cpuset
[    0.000000] Initializing cgroup subsys cpu
[    0.000000] Initializing cgroup subsys cpuacct
[    0.000000] Linux version 4.4.0-171-generic (buildd@lcy01-amd64-018) (gcc version 5.4.0 20160609 (Ubuntu 5.4.0-6ubuntu1~16.04.12) ) #200-Ubuntu SMP Tue Dec 3 11:04:55 UTC 2019 (Ubuntu 4.4.0-171.200-generic 4.4.203)
[    0.000000] Command line: BOOT_IMAGE=/boot/vmlinuz-4.4.0-171-generic root=LABEL=cloudimg-rootfs ro console=tty1 console=ttyS0
[    0.000000] KERNEL supported cpus:
[    0.000000]   Intel GenuineIntel
[    0.000000]   AMD AuthenticAMD
[    0.000000]   Centaur CentaurHauls
[    0.000000] x86/fpu: xstate_offset[2]:  576, xstate_sizes[2]:  256
[    0.000000] x86/fpu: Supporting XSAVE feature 0x01: 'x87 floating point registers'
[    0.000000] x86/fpu: Supporting XSAVE feature 0x02: 'SSE registers'
[    0.000000] x86/fpu: Supporting XSAVE feature 0x04: 'AVX registers'
[    0.000000] x86/fpu: Enabled xstate features 0x7, context size is 832 bytes, using 'standard' format.
[    0.000000] e820: BIOS-provided physical RAM map:
[    0.000000] BIOS-e820: [mem 0x0000000000000000-0x000000000009fbff] usable
[    0.000000] BIOS-e820: [mem 0x000000000009fc00-0x000000000009ffff] reserved
[    0.000000] BIOS-e820: [mem 0x00000000000f0000-0x00000000000fffff] reserved
[    0.000000] BIOS-e820: [mem 0x0000000000100000-0x000000003ffeffff] usable
[    0.000000] BIOS-e820: [mem 0x000000003fff0000-0x000000003fffffff] ACPI data
[    0.000000] BIOS-e820: [mem 0x00000000fec00000-0x00000000fec00fff] reserved
[    0.000000] BIOS-e820: [mem 0x00000000fee00000-0x00000000fee00fff] reserved
[    0.000000] BIOS-e820: [mem 0x00000000fffc0000-0x00000000ffffffff] reserved
[    0.000000] NX (Execute Disable) protection: active
[    0.000000] SMBIOS 2.5 present.
[    0.000000] Hypervisor detected: KVM
[    0.000000] e820: last_pfn = 0x3fff0 max_arch_pfn = 0x400000000
[    0.000000] MTRR: Disabled
[    0.000000] x86/PAT: MTRRs disabled, skipping PAT initialization too.
[    0.000000] CPU MTRRs all blank - virtualized system.
[    0.000000] x86/PAT: Configuration [0-7]: WB  WT  UC- UC  WB  WT  UC- UC  
[    0.000000] found SMP MP-table at [mem 0x0009fff0-0x0009ffff] mapped at [ffff88000009fff0]
[    0.000000] Scanning 1 areas for low memory corruption
[    0.000000] RAMDISK: [mem 0x362e2000-0x37168fff]
[    0.000000] ACPI: Early table checksum verification disabled
[    0.000000] ACPI: RSDP 0x00000000000E0000 000024 (v02 VBOX  )
[    0.000000] ACPI: XSDT 0x000000003FFF0030 00003C (v01 VBOX   VBOXXSDT 00000001 ASL  00000061)
[    0.000000] ACPI: FACP 0x000000003FFF00F0 0000F4 (v04 VBOX   VBOXFACP 00000001 ASL  00000061)
[    0.000000] ACPI: DSDT 0x000000003FFF0470 0022EA (v02 VBOX   VBOXBIOS 00000002 INTL 20190509)
[    0.000000] ACPI: FACS 0x000000003FFF0200 000040
[    0.000000] ACPI: FACS 0x000000003FFF0200 000040
[    0.000000] ACPI: APIC 0x000000003FFF0240 00005C (v02 VBOX   VBOXAPIC 00000001 ASL  00000061)
[    0.000000] ACPI: SSDT 0x000000003FFF02A0 0001CC (v01 VBOX   VBOXCPUT 00000002 INTL 20190509)
[    0.000000] No NUMA configuration found
[    0.000000] Faking a node at [mem 0x0000000000000000-0x000000003ffeffff]
[    0.000000] NODE_DATA(0) allocated [mem 0x3ffeb000-0x3ffeffff]
[    0.000000] kvm-clock: Using msrs 4b564d01 and 4b564d00
[    0.000000] kvm-clock: cpu 0, msr 0:3ffe3001, primary cpu clock
[    0.000000] kvm-clock: using sched offset of 3146522553 cycles
[    0.000000] clocksource: kvm-clock: mask: 0xffffffffffffffff max_cycles: 0x1cd42e4dffb, max_idle_ns: 881590591483 ns
[    0.000000] Zone ranges:
[    0.000000]   DMA      [mem 0x0000000000001000-0x0000000000ffffff]
[    0.000000]   DMA32    [mem 0x0000000001000000-0x000000003ffeffff]
[    0.000000]   Normal   empty
[    0.000000]   Device   empty
[    0.000000] Movable zone start for each node
[    0.000000] Early memory node ranges
[    0.000000]   node   0: [mem 0x0000000000001000-0x000000000009efff]
[    0.000000]   node   0: [mem 0x0000000000100000-0x000000003ffeffff]
[    0.000000] Initmem setup node 0 [mem 0x0000000000001000-0x000000003ffeffff]
[    0.000000] ACPI: PM-Timer IO Port: 0x4008
[    0.000000] IOAPIC[0]: apic_id 2, version 32, address 0xfec00000, GSI 0-23
[    0.000000] ACPI: INT_SRC_OVR (bus 0 bus_irq 0 global_irq 2 dfl dfl)
[    0.000000] ACPI: INT_SRC_OVR (bus 0 bus_irq 9 global_irq 9 low level)
[    0.000000] Using ACPI (MADT) for SMP configuration information
[    0.000000] smpboot: Allowing 2 CPUs, 0 hotplug CPUs
[    0.000000] PM: Registered nosave memory: [mem 0x00000000-0x00000fff]
[    0.000000] PM: Registered nosave memory: [mem 0x0009f000-0x0009ffff]
[    0.000000] PM: Registered nosave memory: [mem 0x000a0000-0x000effff]
[    0.000000] PM: Registered nosave memory: [mem 0x000f0000-0x000fffff]
[    0.000000] e820: [mem 0x40000000-0xfebfffff] available for PCI devices
[    0.000000] Booting paravirtualized kernel on KVM
[    0.000000] clocksource: refined-jiffies: mask: 0xffffffff max_cycles: 0xffffffff, max_idle_ns: 7645519600211568 ns
[    0.000000] setup_percpu: NR_CPUS:512 nr_cpumask_bits:512 nr_cpu_ids:2 nr_node_ids:1
[    0.000000] PERCPU: Embedded 33 pages/cpu @ffff88003fc00000 s95448 r8192 d31528 u1048576
[    0.000000] Built 1 zonelists in Node order, mobility grouping on.  Total pages: 257912
[    0.000000] Policy zone: DMA32
[    0.000000] Kernel command line: BOOT_IMAGE=/boot/vmlinuz-4.4.0-171-generic root=LABEL=cloudimg-rootfs ro console=tty1 console=ttyS0
[    0.000000] PID hash table entries: 4096 (order: 3, 32768 bytes)
[    0.000000] Memory: 997680K/1048120K available (8626K kernel code, 1336K rwdata, 4032K rodata, 1488K init, 1288K bss, 50440K reserved, 0K cma-reserved)
[    0.000000] SLUB: HWalign=64, Order=0-3, MinObjects=0, CPUs=2, Nodes=1
[    0.000000] Kernel/User page tables isolation: enabled
[    0.000000] Hierarchical RCU implementation.
[    0.000000] 	Build-time adjustment of leaf fanout to 64.
[    0.000000] 	RCU restricting CPUs from NR_CPUS=512 to nr_cpu_ids=2.
[    0.000000] RCU: Adjusting geometry for rcu_fanout_leaf=64, nr_cpu_ids=2
[    0.000000] NR_IRQS:33024 nr_irqs:440 16
[    0.000000] Console: colour VGA+ 80x25
[    0.000000] console [tty1] enabled
[    0.000000] console [ttyS0] enabled
[    0.000000] tsc: Detected 1799.996 MHz processor
[    0.118972] Calibrating delay loop (skipped) preset value.. 3599.99 BogoMIPS (lpj=7199984)
[    0.120280] pid_max: default: 32768 minimum: 301
[    0.120964] ACPI: Core revision 20150930
[    0.122319] ACPI: 2 ACPI AML tables successfully acquired and loaded
[    0.123926] Security Framework initialized
[    0.124640] Yama: becoming mindful.
[    0.125239] AppArmor: AppArmor initialized
[    0.125925] Dentry cache hash table entries: 131072 (order: 8, 1048576 bytes)
[    0.127539] Inode-cache hash table entries: 65536 (order: 7, 524288 bytes)
[    0.128895] Mount-cache hash table entries: 2048 (order: 2, 16384 bytes)
[    0.130199] Mountpoint-cache hash table entries: 2048 (order: 2, 16384 bytes)
[    0.131772] Initializing cgroup subsys io
[    0.132657] Initializing cgroup subsys memory
[    0.133574] Initializing cgroup subsys devices
[    0.134459] Initializing cgroup subsys freezer
[    0.135313] Initializing cgroup subsys net_cls
[    0.136065] Initializing cgroup subsys perf_event
[    0.136883] Initializing cgroup subsys net_prio
[    0.137909] Initializing cgroup subsys hugetlb
[    0.138897] Initializing cgroup subsys pids
[    0.141300] mce: CPU supports 0 MCE banks
[    0.143266] Last level iTLB entries: 4KB 64, 2MB 8, 4MB 8
[    0.145441] Last level dTLB entries: 4KB 64, 2MB 0, 4MB 0, 1GB 4
[    0.146739] Spectre V1 : Mitigation: usercopy/swapgs barriers and __user pointer sanitization
[    0.148301] Spectre V2 : Mitigation: Full generic retpoline
[    0.149299] Spectre V2 : Spectre v2 / SpectreRSB mitigation: Filling RSB on context switch
[    0.150687] Speculative Store Bypass: Vulnerable
[    0.151548] MDS: Mitigation: Clear CPU buffers
[    0.154774] Freeing SMP alternatives memory: 36K
[    0.161513] ftrace: allocating 32302 entries in 127 pages
[    0.218495] smpboot: APIC(0) Converting physical 0 to logical package 0
[    0.219544] smpboot: Max logical packages: 1
[    0.220468] x2apic enabled
[    0.221267] Switched APIC routing to physical x2apic.
[    0.223315] ..TIMER: vector=0x30 apic1=0 pin1=2 apic2=-1 pin2=-1
[    0.332946] smpboot: CPU0: Intel(R) Core(TM) i5-8265U CPU @ 1.60GHz (family: 0x6, model: 0x8e, stepping: 0xc)
[    0.334639] Performance Events: unsupported p6 CPU model 142 no PMU driver, software events only.
[    0.345940] KVM setup paravirtual spinlock
[    0.347344] x86: Booting SMP configuration:
[    0.348087] .... node  #0, CPUs:      #1
[    0.348803] kvm-clock: cpu 1, msr 0:3ffe3041, secondary cpu clock
[    0.350600] mce: CPU supports 0 MCE banks
[    0.353029] x86: Booted up 1 node, 2 CPUs
[    0.353921] smpboot: Total of 2 processors activated (7199.98 BogoMIPS)
[    0.355367] devtmpfs: initialized
[    0.357893] evm: security.selinux
[    0.358566] evm: security.SMACK64
[    0.359194] evm: security.SMACK64EXEC
[    0.359838] evm: security.SMACK64TRANSMUTE
[    0.360565] evm: security.SMACK64MMAP
[    0.361254] evm: security.ima
[    0.361802] evm: security.capability
[    0.362631] clocksource: jiffies: mask: 0xffffffff max_cycles: 0xffffffff, max_idle_ns: 7645041785100000 ns
[    0.364127] futex hash table entries: 512 (order: 3, 32768 bytes)
[    0.365137] pinctrl core: initialized pinctrl subsystem
[    0.365980] RTC time: 23:26:16, date: 01/19/20
[    0.366813] NET: Registered protocol family 16
[    0.376098] cpuidle: using governor ladder
[    0.388218] cpuidle: using governor menu
[    0.389115] PCCT header not found.
[    0.390237] ACPI: bus type PCI registered
[    0.391129] acpiphp: ACPI Hot Plug PCI Controller Driver version: 0.5
[    0.392562] PCI: Using configuration type 1 for base access
[    0.407297] ACPI: Added _OSI(Module Device)
[    0.411209] ACPI: Added _OSI(Processor Device)
[    0.415135] ACPI: Added _OSI(3.0 _SCP Extensions)
[    0.418736] ACPI: Added _OSI(Processor Aggregator Device)
[    0.423291] ACPI: Executed 1 blocks of module-level executable AML code
[    0.429833] ACPI: Interpreter enabled
[    0.432651] ACPI: (supports S0 S5)
[    0.434286] ACPI: Using IOAPIC for interrupt routing
[    0.436011] PCI: Using host bridge windows from ACPI; if necessary, use "pci=nocrs" and report a bug
[    0.441976] ACPI: PCI Root Bridge [PCI0] (domain 0000 [bus 00-ff])
[    0.443148] acpi PNP0A03:00: _OSC: OS supports [ASPM ClockPM Segments MSI]
[    0.444623] acpi PNP0A03:00: _OSC: not requesting OS control; OS requires [ExtendedConfig ASPM ClockPM MSI]
[    0.446209] acpi PNP0A03:00: fail to add MMCONFIG information, can't access extended PCI configuration space under this bridge.
[    0.448281] PCI host bridge to bus 0000:00
[    0.448942] pci_bus 0000:00: root bus resource [io  0x0000-0x0cf7 window]
[    0.449888] pci_bus 0000:00: root bus resource [io  0x0d00-0xffff window]
[    0.450843] pci_bus 0000:00: root bus resource [mem 0x000a0000-0x000bffff window]
[    0.452069] pci_bus 0000:00: root bus resource [mem 0x40000000-0xfdffffff window]
[    0.453347] pci_bus 0000:00: root bus resource [bus 00-ff]
[    0.455626] pci 0000:00:01.1: legacy IDE quirk: reg 0x10: [io  0x01f0-0x01f7]
[    0.458026] pci 0000:00:01.1: legacy IDE quirk: reg 0x14: [io  0x03f6]
[    0.459122] pci 0000:00:01.1: legacy IDE quirk: reg 0x18: [io  0x0170-0x0177]
[    0.460247] pci 0000:00:01.1: legacy IDE quirk: reg 0x1c: [io  0x0376]
[    0.483780] pci 0000:00:07.0: quirk: [io  0x4000-0x403f] claimed by PIIX4 ACPI
[    0.485009] pci 0000:00:07.0: quirk: [io  0x4100-0x410f] claimed by PIIX4 SMB
[    0.490191] ACPI: PCI Interrupt Link [LNKA] (IRQs 5 9 10 *11)
[    0.491943] ACPI: PCI Interrupt Link [LNKB] (IRQs 5 9 *10 11)
[    0.493249] ACPI: PCI Interrupt Link [LNKC] (IRQs 5 *9 10 11)
[    0.494593] ACPI: PCI Interrupt Link [LNKD] (IRQs 5 9 10 *11)
[    0.496368] ACPI: Enabled 2 GPEs in block 00 to 07
[    0.497729] vgaarb: setting as boot device: PCI:0000:00:02.0
[    0.498542] vgaarb: device added: PCI:0000:00:02.0,decodes=io+mem,owns=io+mem,locks=none
[    0.499805] vgaarb: loaded
[    0.500385] vgaarb: bridge control possible 0000:00:02.0
[    0.501343] SCSI subsystem initialized
[    0.502850] ACPI: bus type USB registered
[    0.504257] usbcore: registered new interface driver usbfs
[    0.505716] usbcore: registered new interface driver hub
[    0.506760] usbcore: registered new device driver usb
[    0.508003] PCI: Using ACPI for IRQ routing
[    0.508863] NetLabel: Initializing
[    0.509472] NetLabel:  domain hash size = 128
[    0.510258] NetLabel:  protocols = UNLABELED CIPSOv4
[    0.511510] NetLabel:  unlabeled traffic allowed by default
[    0.512478] amd_nb: Cannot enumerate AMD northbridges
[    0.513349] clocksource: Switched to clocksource kvm-clock
[    0.519764] AppArmor: AppArmor Filesystem Enabled
[    0.520602] pnp: PnP ACPI init
[    0.522042] pnp: PnP ACPI: found 3 devices
[    0.530876] clocksource: acpi_pm: mask: 0xffffff max_cycles: 0xffffff, max_idle_ns: 2085701024 ns
[    0.532452] NET: Registered protocol family 2
[    0.533301] TCP established hash table entries: 8192 (order: 4, 65536 bytes)
[    0.534360] TCP bind hash table entries: 8192 (order: 5, 131072 bytes)
[    0.535338] TCP: Hash tables configured (established 8192 bind 8192)
[    0.536256] UDP hash table entries: 512 (order: 2, 16384 bytes)
[    0.537140] UDP-Lite hash table entries: 512 (order: 2, 16384 bytes)
[    0.538147] NET: Registered protocol family 1
[    0.539002] pci 0000:00:00.0: Limiting direct PCI/PCI transfers
[    0.540408] pci 0000:00:01.0: Activating ISA DMA hang workarounds
[    0.541638] Unpacking initramfs...
[    0.741785] Freeing initrd memory: 14876K
[    0.742814] clocksource: tsc: mask: 0xffffffffffffffff max_cycles: 0x19f225e0365, max_idle_ns: 440795255742 ns
[    0.744886] platform rtc_cmos: registered platform RTC device (no PNP device found)
[    0.746561] Scanning for low memory corruption every 60 seconds
[    0.747912] audit: initializing netlink subsys (disabled)
[    0.748842] audit: type=2000 audit(1579476381.009:1): initialized
[    0.750109] Initialise system trusted keyring
[    0.751026] HugeTLB registered 2 MB page size, pre-allocated 0 pages
[    0.753063] zbud: loaded
[    0.753981] VFS: Disk quotas dquot_6.6.0
[    0.754749] VFS: Dquot-cache hash table entries: 512 (order 0, 4096 bytes)
[    0.756098] squashfs: version 4.0 (2009/01/31) Phillip Lougher
[    0.757316] fuse init (API version 7.23)
[    0.758420] Key type big_key registered
[    0.759191] Allocating IMA MOK and blacklist keyrings.
[    0.762251] Key type asymmetric registered
[    0.763021] Asymmetric key parser 'x509' registered
[    0.763923] Block layer SCSI generic (bsg) driver version 0.4 loaded (major 249)
[    0.765306] io scheduler noop registered
[    0.766067] io scheduler deadline registered (default)
[    0.766894] io scheduler cfq registered
[    0.767663] pci_hotplug: PCI Hot Plug PCI Core version: 0.5
[    0.768553] pciehp: PCI Express Hot Plug Controller Driver version: 0.4
[    0.769783] ACPI: AC Adapter [AC] (on-line)
[    0.770586] input: Power Button as /devices/LNXSYSTM:00/LNXPWRBN:00/input/input0
[    0.771927] ACPI: Power Button [PWRF]
[    0.772699] input: Sleep Button as /devices/LNXSYSTM:00/LNXSLPBN:00/input/input1
[    0.774076] ACPI: Sleep Button [SLPF]
[    0.775416] ACPI: Battery Slot [BAT0] (battery present)
[    0.776672] GHES: HEST is not enabled!
[    0.777908] Serial: 8250/16550 driver, 32 ports, IRQ sharing enabled
[    0.799630] 00:02: ttyS0 at I/O 0x3f8 (irq = 4, base_baud = 115200) is a 16550A
[    0.802675] Linux agpgart interface v0.103
[    0.804711] loop: module loaded
[    0.805798] scsi host0: ata_piix
[    0.806598] scsi host1: ata_piix
[    0.807266] ata1: PATA max UDMA/33 cmd 0x1f0 ctl 0x3f6 bmdma 0xd000 irq 14
[    0.808398] ata2: PATA max UDMA/33 cmd 0x170 ctl 0x376 bmdma 0xd008 irq 15
[    0.809750] libphy: Fixed MDIO Bus: probed
[    0.810544] tun: Universal TUN/TAP device driver, 1.6
[    0.811517] tun: (C) 1999-2004 Max Krasnyansky <maxk@qualcomm.com>
[    0.812646] PPP generic driver version 2.4.2
[    0.813552] ehci_hcd: USB 2.0 'Enhanced' Host Controller (EHCI) Driver
[    0.814656] ehci-pci: EHCI PCI platform driver
[    0.815487] ehci-platform: EHCI generic platform driver
[    0.816391] ohci_hcd: USB 1.1 'Open' Host Controller (OHCI) Driver
[    0.817431] ohci-pci: OHCI PCI platform driver
[    0.818277] ohci-platform: OHCI generic platform driver
[    0.819187] uhci_hcd: USB Universal Host Controller Interface driver
[    0.820285] i8042: PNP: PS/2 Controller [PNP0303:PS2K,PNP0f03:PS2M] at 0x60,0x64 irq 1,12
[    0.822405] serio: i8042 KBD port at 0x60,0x64 irq 1
[    0.823418] serio: i8042 AUX port at 0x60,0x64 irq 12
[    0.824566] mousedev: PS/2 mouse device common for all mice
[    0.826042] input: AT Translated Set 2 keyboard as /devices/platform/i8042/serio0/input/input2
[    0.828139] rtc_cmos rtc_cmos: rtc core: registered rtc_cmos as rtc0
[    0.829088] rtc_cmos rtc_cmos: alarms up to one day, 114 bytes nvram
[    0.830056] i2c /dev entries driver
[    0.830967] device-mapper: uevent: version 1.0.3
[    0.831869] device-mapper: ioctl: 4.34.0-ioctl (2015-10-28) initialised: dm-devel@redhat.com
[    0.833376] ledtrig-cpu: registered to indicate activity on CPUs
[    0.834712] NET: Registered protocol family 10
[    0.835669] NET: Registered protocol family 17
[    0.836471] Key type dns_resolver registered
[    0.837672] registered taskstats version 1
[    0.839230] Loading compiled-in X.509 certificates
[    0.841350] Loaded X.509 cert 'Build time autogenerated kernel key: e951a32ceec0422669d36e9913b2c7dea5e0a587'
[    0.843341] zswap: loaded using pool lzo/zbud
[    0.846488] Key type trusted registered
[    0.849910] Key type encrypted registered
[    0.850572] AppArmor: AppArmor sha1 policy hashing enabled
[    0.851709] ima: No TPM chip found, activating TPM-bypass!
[    0.852542] ima: Allocated hash algorithm: sha1
[    0.853294] evm: HMAC attrs: 0x1
[    0.854242]   Magic number: 4:213:454
[    0.855119] rtc_cmos rtc_cmos: setting system clock to 2020-01-19 23:26:17 UTC (1579476377)
[    0.856900] BIOS EDD facility v0.16 2004-Jun-25, 0 devices found
[    0.858028] EDD information not available.
[    0.971522] Freeing unused kernel memory: 1488K
[    0.976114] Write protecting the kernel read-only data: 14336k
[    0.983600] Freeing unused kernel memory: 1604K
[    0.989665] Freeing unused kernel memory: 64K
Loading, please wait...
starting version 229
[    1.015977] random: systemd-udevd: uninitialized urandom read (16 bytes read, 3 bits of entropy available)
[    1.016824] random: udevadm: uninitialized urandom read (16 bytes read, 3 bits of entropy available)
[    1.016850] random: udevadm: uninitialized urandom read (16 bytes read, 3 bits of entropy available)
[    1.023780] random: systemd-udevd: uninitialized urandom read (16 bytes read, 3 bits of entropy available)
[    1.026832] random: systemd-udevd: uninitialized urandom read (16 bytes read, 3 bits of entropy available)
[    1.027860] random: udevadm: uninitialized urandom read (16 bytes read, 3 bits of entropy available)
[    1.027911] random: udevadm: uninitialized urandom read (16 bytes read, 3 bits of entropy available)
[    1.028064] random: udevadm: uninitialized urandom read (16 bytes read, 3 bits of entropy available)
[    1.028110] random: udevadm: uninitialized urandom read (16 bytes read, 3 bits of entropy available)
[    1.028158] random: udevadm: uninitialized urandom read (16 bytes read, 3 bits of entropy available)
[    1.063451] Fusion MPT base driver 3.04.20
[    1.064261] Copyright (c) 1999-2008 LSI Corporation
[    1.067656] e1000: Intel(R) PRO/1000 Network Driver - version 7.3.21-k8-NAPI
[    1.068934] e1000: Copyright (c) 1999-2006 Intel Corporation.
[    1.079195] Fusion MPT SPI Host driver 3.04.20
[    1.081962] AVX2 version of gcm_enc/dec engaged.
[    1.082904] AES CTR mode by8 optimization enabled
[    1.273166] input: ImExPS/2 Generic Explorer Mouse as /devices/platform/i8042/serio1/input/input4
[    1.424861] e1000 0000:00:03.0 eth0: (PCI:33MHz:32-bit) 02:e4:c4:97:dc:06
[    1.426063] e1000 0000:00:03.0 eth0: Intel(R) PRO/1000 Network Connection
[    1.427721] mptbase: ioc0: Initiating bringup
[    1.429204] e1000 0000:00:03.0 enp0s3: renamed from eth0
[    1.498197] ioc0: LSI53C1030 A0: Capabilities={Initiator}
[    1.901996] scsi host2: ioc0: LSI53C1030 A0, FwRev=00000000h, Ports=1, MaxQ=256, IRQ=20
[    2.059358] scsi 2:0:0:0: Direct-Access     VBOX     HARDDISK         1.0  PQ: 0 ANSI: 5
[    2.065203] scsi target2:0:0: Beginning Domain Validation
[    2.074997] scsi target2:0:0: Domain Validation skipping write tests
[    2.080650] scsi target2:0:0: Ending Domain Validation
[    2.085788] scsi target2:0:0: asynchronous
[    2.091373] scsi 2:0:1:0: Direct-Access     VBOX     HARDDISK         1.0  PQ: 0 ANSI: 5
[    2.096060] scsi target2:0:1: Beginning Domain Validation
[    2.101585] scsi target2:0:1: Domain Validation skipping write tests
[    2.103553] scsi target2:0:1: Ending Domain Validation
[    2.105031] scsi target2:0:1: asynchronous
[    2.130757] sd 2:0:0:0: [sda] 20971520 512-byte logical blocks: (10.7 GB/10.0 GiB)
[    2.130974] sd 2:0:0:0: Attached scsi generic sg0 type 0
[    2.131513] sd 2:0:1:0: Attached scsi generic sg1 type 0
[    2.133078] sd 2:0:1:0: [sdb] 20480 512-byte logical blocks: (10.5 MB/10.0 MiB)
[    2.135438] sd 2:0:0:0: [sda] Write Protect is off
[    2.135488] sd 2:0:1:0: [sdb] Write Protect is off
[    2.137244] sd 2:0:1:0: [sdb] Incomplete mode parameter data
[    2.137267] sd 2:0:0:0: [sda] Incomplete mode parameter data
[    2.137268] sd 2:0:0:0: [sda] Assuming drive cache: write through
[    2.140513] sd 2:0:1:0: [sdb] Assuming drive cache: write through
[    2.145455]  sda: sda1
[    2.146541] sd 2:0:0:0: [sda] Attached SCSI disk
[    2.147941] sd 2:0:1:0: [sdb] Attached SCSI disk
Begin: Loading essential drivers ... [    3.493319] md: linear personality registered for level -1
[    3.496996] md: multipath personality registered for level -4
[    3.500327] md: raid0 personality registered for level 0
[    3.505828] md: raid1 personality registered for level 1
[    3.577441] raid6: sse2x1   gen() 10718 MB/s
[    3.647418] raid6: sse2x1   xor()  7804 MB/s
[    3.713801] raid6: sse2x2   gen() 15731 MB/s
[    3.787427] raid6: sse2x2   xor() 11510 MB/s
[    3.857436] raid6: sse2x4   gen() 18053 MB/s
[    3.927413] raid6: sse2x4   xor() 11191 MB/s
[    3.997431] raid6: avx2x1   gen() 23799 MB/s
[    4.067076] raid6: avx2x2   gen() 29677 MB/s
[    4.134410] raid6: avx2x4   gen() 32096 MB/s
[    4.135688] raid6: using algorithm avx2x4 gen() 32096 MB/s
[    4.136739] raid6: using avx2x2 recovery algorithm
[    4.139786] xor: automatically using best checksumming function:
[    4.177387]    avx       : 25073.000 MB/sec
[    4.179673] async_tx: api initialized (async)
[    4.191074] md: raid6 personality registered for level 6
[    4.192158] md: raid5 personality registered for level 5
[    4.193186] md: raid4 personality registered for level 4
[    4.199956] md: raid10 personality registered for level 10
done.
Begin: Running /scripts/init-premount ... done.
Begin: Mounting root file system ... Begin: Running /scripts/local-top ... done.
Begin: Running /scripts/local-premount ... [    4.226685] Btrfs loaded
Scanning for Btrfs filesystems
done.
Warning: fsck not present, so skipping root file system
[    4.264930] EXT4-fs (sda1): mounted filesystem with ordered data mode. Opts: (null)
done.
Begin: Running /scripts/local-bottom ... done.
Begin: Running /scripts/init-bottom ... done.
[    4.354280] systemd[1]: systemd 229 running in system mode. (+PAM +AUDIT +SELINUX +IMA +APPARMOR +SMACK +SYSVINIT +UTMP +LIBCRYPTSETUP +GCRYPT +GNUTLS +ACL +XZ -LZ4 +SECCOMP +BLKID +ELFUTILS +KMOD -IDN)
[    4.359190] systemd[1]: Detected virtualization oracle.
[    4.360627] systemd[1]: Detected architecture x86-64.

Welcome to [1mUbuntu 16.04.6 LTS[0m!

[    4.365218] systemd[1]: Set hostname to <ubuntu>.
[    4.371960] systemd[1]: Initializing machine ID from random generator.
[    4.374108] systemd[1]: Installed transient /etc/machine-id file.
[    4.494428] systemd[1]: Reached target User and Group Name Lookups.
[[0;32m  OK  [0m] Reached target User and Group Name Lookups.
[    4.502710] systemd[1]: Created slice System Slice.
[[0;32m  OK  [0m] Created slice System Slice.
[    4.505192] systemd[1]: Listening on LVM2 poll daemon socket.
[[0;32m  OK  [0m] Listening on LVM2 poll daemon socket.
[    4.507055] systemd[1]: Created slice User and Session Slice.
[[0;32m  OK  [0m] Created slice User and Session Slice.
[    4.508818] systemd[1]: Reached target Slices.
[[0;32m  OK  [0m] Reached target Slices.
[    4.510197] systemd[1]: Listening on Journal Socket (/dev/log).
[[0;32m  OK  [0m] Listening on Journal Socket (/dev/log).
[    4.517473] systemd[1]: Reached target System Time Synchronized.
[[0;32m  OK  [0m] Reached target System Time Synchronized.
[    4.519826] systemd[1]: Listening on Journal Socket.
[[0;32m  OK  [0m] Listening on Journal Socket.
[    4.533584] systemd[1]: Starting Load Kernel Modules...
         Starting Load Kernel Modules...
[    4.535927] systemd[1]: Starting Nameserver information manager...
         Starting Nameserver information manager...
[    4.539297] systemd[1]: Mounting Huge Pages File System...
         Mounting Huge Pages File System...
[    4.542052] systemd[1]: Mounting Debug File System...
         Mounting Debug File System...
[    4.547167] systemd[1]: Starting Uncomplicated firewall...
[    4.549783] Loading iSCSI transport class v2.0-870.
         Starting Uncomplicated firewall...
[    4.551997] systemd[1]: Created slice system-serial\x2dgetty.slice.
[[0;32m  OK  [0m] Created slice system-serial\x2dgetty.slice.
[    4.555578] systemd[1]: Started Forward Password Requests to Wall Directory Watch.
[[0;32m  OK  [0m] Started Forward Password Requests to Wall Directory Watch.
[    4.558818] systemd[1]: Starting Create list of required static device nodes for the current kernel...
         Starting Create list of required st... nodes for the current kernel...
[    4.562529] systemd[1]: Starting Set console keymap...
         Starting Set console keymap...
[    4.564420] iscsi: registered transport (tcp)
[    4.564462] systemd[1]: Listening on udev Control Socket.
[[0;32m  OK  [0m] Listening on udev Control Socket.
[    4.567222] systemd[1]: Listening on LVM2 metadata daemon socket.
[[0;32m  OK  [0m] Listening on LVM2 metadata daemon socket.
[    4.570601] systemd[1]: Set up automount Arbitrary Executable File Formats File System Automount Point.
[[0;32m  OK  [0m] Set up automount Arbitrary Executab...ats File System Automount Point.
[    4.575580] systemd[1]: Starting Remount Root and Kernel File Systems...
         Starting Remount Root and Kernel File Systems...
[    4.577528] systemd[1]: Reached target Swap.
[[0;32m  OK  [0m] Reached target Swap.
[    4.579493] systemd[1]: Mounting POSIX Message Queue File System...
         Mounting POSIX Message Queue File System...
[    4.581247] systemd[1]: Listening on /dev/initctl Compatibility Named Pipe.
[    4.581629] EXT4-fs (sda1): re-mounted. Opts: (null)
[[0;32m  OK  [0m] Listening on /dev/initctl Compatibility Named Pipe.
[    4.586325] systemd[1]: Listening on Syslog Socket.
[[0;32m  OK  [0m] Listening on Syslog Socket.
[    4.588171] systemd[1]: Listening on Journal Audit Socket.
[[0;32m  OK  [0m] Listening on Journal Audit Socket.
[    4.590899] systemd[1]: Starting Journal Service...
         Starting Journal Service...
[    4.592560] systemd[1]: Listening on Device-mapper event daemon FIFOs.
[[0;32m  OK  [0m] Listening on Device-mapper event daemon FIFOs.
[    4.595362] systemd[1]: Starting Monitoring of LVM2 mirrors, snapshots etc. using dmeventd or progress polling...
         Starting Monitoring of LVM2 mirrors... dmeventd or progress polling...
[    4.598376] systemd[1]: Started Trigger resolvconf update for networkd DNS.
[[0;32m  OK  [0m] Started Trigger resolvconf update for networkd DNS.
[    4.600502] systemd[1]: Listening on udev Kernel Socket.
[[0;32m  OK  [0m] Listening on udev Kernel Socket.
[    4.604440] systemd[1]: Reached target Encrypted Volumes.
[[0;32m  OK  [0m] Reached target Encrypted Volumes.
[    4.607840] systemd[1]: Mounted Debug File System.
[[0;32m  OK  [0m] Mounted Debug File System.
[    4.609393] systemd[1]: Mounted Huge Pages File System.
[[0;32m  OK  [0m] Mounted Huge Pages File System.
[    4.611518] systemd[1]: Mounted POSIX Message Queue File System.
[[0;32m  OK  [0m] Mounted POSIX Message Queue File System.
[    4.614895] systemd[1]: Started Uncomplicated firewall.
[[0;32m  OK  [0m] Started Uncomplicated firewall.
[    4.617950] systemd[1]: Started Create list of required static device nodes for the current kernel.
[[0;32m  OK  [0m] Started Create list of required sta...ce nodes for the current kernel.
[    4.621600] systemd[1]: Started Remount Root and Kernel File Systems.
[[0;32m  OK  [0m] Started Remount Root and Kernel File Systems.
[    4.623806] systemd[1]: Started Nameserver information manager.
[[0;32m  OK  [0m] Started Nameserver information manager.
[    4.627378] systemd[1]: Starting Load/Save Random Seed...
         Starting Load/Save Random Seed...
[    4.632565] systemd[1]: Starting udev Coldplug all Devices...
         Starting udev Coldplug all Devices...
[    4.634625] systemd[1]: Starting Create Static Device Nodes in /dev...
[    4.636150] iscsi: registered transport (iser)
         Starting Create Static Device Nodes in /dev...
[    4.639757] systemd[1]: Started Load Kernel Modules.
[[0;32m  OK  [0m] Started Load Kernel Modules.
[    4.642118] systemd[1]: Started Load/Save Random Seed.
[[0;32m  OK  [0m] Started Load/Save Random Seed.
[    4.644369] systemd[1]: Started Journal Service.
[[0;32m  OK  [0m] Started Journal Service.
         Starting Flush Journal to Persistent Storage...
         Starting Apply Kernel Variables...
         Mounting FUSE Control File System...
[[0;32m  OK  [0m] Started Create Static Device Nodes in /dev.
         Starting udev Kernel Device Manager...
[[0;32m  OK  [0m] Started LVM2 metadata daemon.
[[0;32m  OK  [0m] Mounted FUSE Control File System.
[[0;32m  OK  [0m] Started Set console keymap.
[[0;32m  OK  [0m] Started Apply Kernel Variables.
[[0;32m  OK  [0m] Started Flush Journal to Persistent Storage.
[[0;32m  OK  [0m] Started udev Kernel Device Manager.
[[0;32m  OK  [0m] Started udev Coldplug all Devices.
[[0;32m  OK  [0m] Started Dispatch Password Requests to Console Directory Watch.
[[0;32m  OK  [0m] Found device /dev/ttyS0.
[[0;32m  OK  [0m] Listening on Load/Save RF Kill Switch Status /dev/rfkill Watch.
[[0;32m  OK  [0m] Started Monitoring of LVM2 mirrors,...ng dmeventd or progress polling.
[[0;32m  OK  [0m] Reached target Local File Systems (Pre).
[[0;32m  OK  [0m] Reached target Local File Systems.
         Starting LSB: AppArmor initialization...
         Starting Create Volatile Files and Directories...
         Starting Commit a transient machine-id on disk...
         Starting Set console font and keymap...
         Starting Tell Plymouth To Write Out Runtime Data...
         Starting Initial cloud-init job (pre-networking)...
[[0;32m  OK  [0m] Started Create Volatile Files and Directories.
         Starting Update UTMP about System Boot/Shutdown...
[[0;32m  OK  [0m] Started Tell Plymouth To Write Out Runtime Data.
[[0;32m  OK  [0m] Started Commit a transient machine-id on disk.
[[0;32m  OK  [0m] Started Update UTMP about System Boot/Shutdown.
[[0;32m  OK  [0m] Started Set console font and keymap.
[[0;32m  OK  [0m] Created slice system-getty.slice.
[[0;32m  OK  [0m] Started LSB: AppArmor initialization.
[    5.934396] cloud-init[627]: Cloud-init v. 19.3-41-gc4735dd3-0ubuntu1~16.04.1 running 'init-local' at Sun, 19 Jan 2020 23:26:22 +0000. Up 5.59 seconds.
[[0;32m  OK  [0m] Started Initial cloud-init job (pre-networking).
[[0;32m  OK  [0m] Reached target Network (Pre).
         Starting Raise network interfaces...
[[0;32m  OK  [0m] Started Raise network interfaces.
[[0;32m  OK  [0m] Reached target Network.
         Starting Initial cloud-init job (metadata service crawler)...
[    7.018286] cloud-init[964]: Cloud-init v. 19.3-41-gc4735dd3-0ubuntu1~16.04.1 running 'init' at Sun, 19 Jan 2020 23:26:23 +0000. Up 6.36 seconds.
[    7.019586] cloud-init[964]: ci-info: ++++++++++++++++++++++++++++++++++++++Net device info++++++++++++++++++++++++++++++++++++++
[    7.020783] cloud-init[964]: ci-info: +--------+------+----------------------------+---------------+--------+-------------------+
[    7.022021] cloud-init[964]: ci-info: | Device |  Up  |          Address           |      Mask     | Scope  |     Hw-Address    |
[    7.023266] cloud-init[964]: ci-info: +--------+------+----------------------------+---------------+--------+-------------------+
[    7.024613] cloud-init[964]: ci-info: | enp0s3 | True |         10.0.2.15          | 255.255.255.0 | global | 02:e4:c4:97:dc:06 |
[    7.025839] cloud-init[964]: ci-info: | enp0s3 | True | fe80::e4:c4ff:fe97:dc06/64 |       .       |  link  | 02:e4:c4:97:dc:06 |
[    7.027188] cloud-init[964]: ci-info: |   lo   | True |         127.0.0.1          |   255.0.0.0   |  host  |         .         |
[    7.028425] cloud-init[964]: ci-info: |   lo   | True |          ::1/128           |       .       |  host  |         .         |
[    7.029761] cloud-init[964]: ci-info: +--------+------+----------------------------+---------------+--------+-------------------+
[    7.031180] cloud-init[964]: ci-info: +++++++++++++++++++++++++++Route IPv4 info++++++++++++++++++++++++++++
[    7.032382] cloud-init[964]: ci-info: +-------+-------------+----------+---------------+-----------+-------+
[    7.033521] cloud-init[964]: ci-info: | Route | Destination | Gateway  |    Genmask    | Interface | Flags |
[    7.034723] cloud-init[964]: ci-info: +-------+-------------+----------+---------------+-----------+-------+
[    7.035763] cloud-init[964]: ci-info: |   0   |   0.0.0.0   | 10.0.2.2 |    0.0.0.0    |   enp0s3  |   UG  |
[    7.037113] cloud-init[964]: ci-info: |   1   |   10.0.2.0  | 0.0.0.0  | 255.255.255.0 |   enp0s3  |   U   |
[    7.038167] cloud-init[964]: ci-info: +-------+-------------+----------+---------------+-----------+-------+
[    7.039376] cloud-init[964]: ci-info: +++++++++++++++++++Route IPv6 info+++++++++++++++++++
[    7.040376] cloud-init[964]: ci-info: +-------+-------------+---------+-----------+-------+
[    7.041369] cloud-init[964]: ci-info: | Route | Destination | Gateway | Interface | Flags |
[    7.042340] cloud-init[964]: ci-info: +-------+-------------+---------+-----------+-------+
[    7.043340] cloud-init[964]: ci-info: |   0   |  fe80::/64  |    ::   |   enp0s3  |   U   |
[    7.044436] cloud-init[964]: ci-info: |   3   |   ff00::/8  |    ::   |   enp0s3  |   U   |
[    7.045421] cloud-init[964]: ci-info: +-------+-------------+---------+-----------+-------+
[    7.046457] cloud-init[964]: Generating public/private rsa key pair.
[    7.047249] cloud-init[964]: Your identification has been saved in /etc/ssh/ssh_host_rsa_key.
[    7.048317] cloud-init[964]: Your public key has been saved in /etc/ssh/ssh_host_rsa_key.pub.
[    7.049335] cloud-init[964]: The key fingerprint is:
[    7.050101] cloud-init[964]: SHA256:2EeIt7o5S2mDodbogo/ngaLP4wOOhfo+LQXvc7F9YJc root@ubuntu-xenial
[    7.051126] cloud-init[964]: The key's randomart image is:
[    7.051823] cloud-init[[0;32m  OK  [0m] Started Initial cloud-init job (metadata service crawler).
[[0;32m  OK  [0m] Reached target Network is Online.
[964]: +---[RSA 2048]----+
[    7.053827] cloud-init[964]: |                 |
[    7.054482] cloud-init[964]: |       . .       |
[    7.055210] cloud-init[964]: |      . o .      |
[    7.055872] cloud-init[964]: |  .    + o       |
[    7.056578] cloud-init[964]: | . o. . S ..     |
[    7.057238] cloud-init[964]: |o..+oo.oo.E      |
[    7.057808] cloud-init[964]: |Bo=+o *= o       |
[    7.058405] cloud-init[964]: |B**.+o++. .      |
[    7.059096] cloud-init[964]: |oXX= o+o .       |
[    7.059703] cloud-init[964]: +----[SHA256]-----+
[    7.060318] cloud-init[964]: Generating public/private dsa key pair.
[    7.060987] cloud-init[964]: Your identification has been saved in /etc/ssh/ssh_host_dsa_key.
[    7.061871] cloud-init[964]: Your public key has been saved in /etc/ssh/ssh_host_dsa_key.pub.
[    7.062803] cloud-init[964]: The key fingerprint is:
[    7.063479] cloud-init[964]: SHA256:B2FVH+RnP0fn3cTK+9V/oOD2k2gsg0Vd2JUVhBQTN60 root@ubuntu-xenial
[    7.064509] cloud-init[964]: The key's randomart image is:
         Starting iSCSI initiator daemon (iscsid)...
[[0;32m  OK  [0m] Reached target System Initialization.
[[0;32m  OK  [0m] Listening on D-Bus System Message Bus Socket.
[[0;32m  OK  [0m] Listening on UUID daemon activation socket.
[    7.068437] cloud-init[964]: +---[DSA 1024]----+
[    7.071545] cloud-init[964]: |        o..+oBOB+|
[    7.072228] cloud-init[964]: |       . .. o++oo|
[    7.072352] cloud-init[964]: |        .. .  o.B|
[    7.072669] cloud-init[964]: |        ...  .EB=|
[    7.072884] cloud-init[964]: |       .S .   o.*|
[    7.073098] cloud-init[964]: |        ...   ..+|
[    7.073316] cloud-init[964]: |       o o o o..o|
[    7.073634] cloud-init[964]: |      . o * +  .+|
[    7.073878] cloud-init[964]: |         = ...  +|
[    7.074116] cloud-init[964]: +----[SHA256]-----+
[    7.074340] cloud-init[964]: Generating public/private ecdsa key pair.
[    7.074686] cloud-init[964]: Your identification has been saved in /etc/ssh/ssh_host_ecdsa_key.
[    7.074916] cloud-init[964]: Your public key has been saved in /etc/ssh/ssh_host_ecdsa_key.pub.
[    7.075256] cloud-init[964]: The key fingerprint is:
[    7.075488] cloud-init[964]: SHA256:cf2cb23UbyJ3ZWTQzp+7HwcpkDZYtKvLgHhV2ghSxys root@ubuntu-xenial
[    7.075722] cloud-init[964]: The key's randomart image is:
[    7.076204] cloud-init[964]: +---[ECDSA 256]---+
[    7.076533] cloud-init[964]: |    ...  .o   .. |
[    7.076883] cloud-init[964]: |   . ..  o +   ..|
[    7.077111] cloud-init[964]: |  . .  .+ B .  oo|
[    7.077338] cloud-init[964]: |   .E..= + + o =+|
[    7.077572] cloud-init[964]: |     .+ S . . * B|
[    7.077814] cloud-init[964]: |   . o   .   . *=|
[    7.078034] cloud-init[964]: |  . o . .   . o.@|
[    7.078256] cloud-init[964]: |   .   o .   o Bo|
[    7.078475] cloud-init[964]: |        o      .+|
[    7.078697] cloud-init[964]: +----[SHA256]-----+
[    7.078921] cloud-init[964]: Generating public/private ed25519 key pair.
[    7.079140] cloud-init[964]: Your identification has been saved in /etc/ssh/ssh_host_ed25519_key.
[    7.079474] cloud-init[964]: Your public key has been saved in /etc/ssh/ssh_host_ed25519_key.pub.
[    7.079803] cloud-init[964]: The key fingerprint is:
[    7.080153] cloud-init[964]: SHA256:BC16YfwCk29Oc9TRfHuA8LQU3l+Y7dcZhnlQ3mkEh+U root@ubuntu-xenial
[    7.080490] cloud-init[964]: The key's randomart image is:
[    7.080710] cloud-init[964]: +--[ED25519 256]--+
[    7.080925] cloud-init[964]: |     o.. .o=+=== |
[    7.081153] cloud-init[964]: |    + =.o .=++@+o|
[    7.081477] cloud-init[964]: |     * =.   +++E+|
[    7.081702] cloud-init[964]: |    . B.o     =o*|
[    7.081928] cloud-init[964]: |     = +S      o=|
[    7.082144] cloud-init[964]: |      .         .|
[    7.082368] cloud-init[964]: |                 |
[    7.082588] cloud-init[964]: |                 |
[    7.082819] cloud-init[964]: |                 |
[    7.083032] cloud-init[964]: +----[SHA256]-----+
         Starting LXD - unix socket.
[[0;32m  OK  [0m] Started Message of the Day.
         Starting Socket activation for snappy daemon.
[[0;32m  OK  [0m] Started ACPI Events Check.
[[0;32m  OK  [0m] Reached target Paths.
[[0;32m  OK  [0m] Started Daily apt download activities.
[[0;32m  OK  [0m] Started Daily apt upgrade and clean activities.
[[0;32m  OK  [0m] Started Daily Cleanup of Temporary Directories.
[[0;32m  OK  [0m] Reached target Timers.
[[0;32m  OK  [0m] Listening on ACPID Listen Socket.
[[0;32m  OK  [0m] Reached target Cloud-config availability.
[[0;32m  OK  [0m] Listening on LXD - unix socket.
[[0;32m  OK  [0m] Listening on Socket activation for snappy daemon.
[[0;32m  OK  [0m] Reached target Sockets.
[[0;32m  OK  [0m] Reached target Basic System.
         Starting Pollinate to seed the pseudo random number generator...
         Starting LSB: MD monitoring daemon...
         Starting Login Service...
         Starting LXD - container startup/shutdown...
[[0;32m  OK  [0m] Started ACPI event daemon.
         Starting Virtualbox guest utils...
[[0;32m  OK  [0m] Started Deferred execution scheduler.
         Starting Snappy daemon...
         Starting Accounts Service...
         Starting System Logging Service...
[[0;32m  OK  [0m] Started D-Bus System Message Bus.
         Starting LSB: Record successful boot for GRUB...
[[0;32m  OK  [0m] Started FUSE filesystem for LXC.
         Starting /etc/rc.local Compatibility...
[[0;32m  OK  [0m] Started Regular background program processing daemon.
[[0;32m  OK  [0m] Started System Logging Service.
[[0;32m  OK  [0m] Started iSCSI initiator daemon (iscsid).
[[0;32m  OK  [0m] Started /etc/rc.local Compatibility.
[[0;32m  OK  [0m] Started Login Service.
[[0;32m  OK  [0m] Started Unattended Upgrades Shutdown.
         Starting Authenticate and Authorize Users to Run Privileged Tasks...
         Starting Login to default iSCSI targets...
[[0;32m  OK  [0m] Started LXD - container startup/shutdown.
[[0;32m  OK  [0m] Started Login to default iSCSI targets.
[[0;32m  OK  [0m] Reached target Remote File Systems (Pre).
[[0;32m  OK  [0m] Reached target Remote File Systems.
         Starting LSB: Set the CPU Frequency Scaling governor to "ondemand"...
         Starting LSB: daemon to balance interrupts for SMP systems...
         Starting LSB: automatic crash report generation...
         Starting Permit User Sessions...
[[0;32m  OK  [0m] Started LSB: MD monitoring daemon.
[[0;32m  OK  [0m] Started Permit User Sessions.
         Starting Hold until boot process finishes up...
         Starting Terminate Plymouth Boot Screen...
[[0;32m  OK  [0m] Started Hold until boot process finishes up.
[[0;32m  OK  [0m] Started Getty on tty1.
[[0;32m  OK  [0m] Started Serial Getty on ttyS0.
[[0;32m  OK  [0m] Reached target Login Prompts.
         Starting Set console scheme...
[[0;32m  OK  [0m] Started LSB: Record successful boot for GRUB.
[[0;32m  OK  [0m] Started Terminate Plymouth Boot Screen.
[[0;32m  OK  [0m] Started Set console scheme.
[[0;32m  OK  [0m] Started LSB: Set the CPU Frequency Scaling governor to "ondemand".
[[0;32m  OK  [0m] Started Authenticate and Authorize Users to Run Privileged Tasks.
[[0;32m  OK  [0m] Started Accounts Service.
[[0;32m  OK  [0m] Started LSB: automatic crash report generation.
[[0;32m  OK  [0m] Started LSB: daemon to balance interrupts for SMP systems.
[[0;32m  OK  [0m] Started Virtualbox guest utils.
[[0;32m  OK  [0m] Started Snappy daemon.
         Starting Wait until snapd is fully seeded...
[[0;32m  OK  [0m] Started Pollinate to seed the pseudo random number generator.
         Starting OpenBSD Secure Shell server...
[[0;32m  OK  [0m] Started OpenBSD Secure Shell server.
[[0;32m  OK  [0m] Started Wait until snapd is fully seeded.
[[0;32m  OK  [0m] Reached target Multi-User System.
[[0;32m  OK  [0m] Reached target Graphical Interface.
         Starting Update UTMP about System Runlevel Changes...
         Starting Apply the settings specified in cloud-config...
[[0;32m  OK  [0m] Started Update UTMP about System Runlevel Changes.
[   10.335468] cloud-init[1327]: Generating locales (this might take a while)...
[   10.917635] cloud-init[1327]:   en_US.UTF-8... done
[   10.918373] cloud-init[1327]: Generation complete.
[   11.128485] cloud-init[1327]: Cloud-init v. 19.3-41-gc4735dd3-0ubuntu1~16.04.1 running 'modules:config' at Sun, 19 Jan 2020 23:26:27 +0000. Up 10.25 seconds.
[[0;32m  OK  [0m] Started Apply the settings specified in cloud-config.
         Starting Execute cloud user/final scripts...
ci-info: no authorized ssh keys fingerprints found for user ubuntu.
<14>Jan 19 23:26:28 ec2: 
<14>Jan 19 23:26:28 ec2: #############################################################
<14>Jan 19 23:26:28 ec2: -----BEGIN SSH HOST KEY FINGERPRINTS-----
<14>Jan 19 23:26:28 ec2: 1024 SHA256:B2FVH+RnP0fn3cTK+9V/oOD2k2gsg0Vd2JUVhBQTN60 root@ubuntu-xenial (DSA)
<14>Jan 19 23:26:28 ec2: 256 SHA256:cf2cb23UbyJ3ZWTQzp+7HwcpkDZYtKvLgHhV2ghSxys root@ubuntu-xenial (ECDSA)
<14>Jan 19 23:26:28 ec2: 256 SHA256:BC16YfwCk29Oc9TRfHuA8LQU3l+Y7dcZhnlQ3mkEh+U root@ubuntu-xenial (ED25519)
<14>Jan 19 23:26:28 ec2: 2048 SHA256:2EeIt7o5S2mDodbogo/ngaLP4wOOhfo+LQXvc7F9YJc root@ubuntu-xenial (RSA)
<14>Jan 19 23:26:28 ec2: -----END SSH HOST KEY FINGERPRINTS-----
<14>Jan 19 23:26:28 ec2: #############################################################
-----BEGIN SSH HOST KEY KEYS-----
ecdsa-sha2-nistp256 AAAAE2VjZHNhLXNoYTItbmlzdHAyNTYAAAAIbmlzdHAyNTYAAABBBA9EeFa2v3EtwLtEGmu3b7gG8S8PbWW100UZzgQvlr9HUM4jM0o8maxD3p9fY8qsKFhtXuTz4sQYNaFU5YzpUe4= root@ubuntu-xenial
ssh-ed25519 AAAAC3NzaC1lZDI1NTE5AAAAID9V7yy9D/TEecgKLbfP01PdIe4nwpSTRF2uYmLZ0ohT root@ubuntu-xenial
ssh-rsa AAAAB3NzaC1yc2EAAAADAQABAAABAQDIt3WaFEL51Y8iwLQxWpnvwymhJ9rWGSLqmFf951YkoLi/1zFpga03az5eIow0ypVGfd+F0+xOOIvtTBvYE0E1MhibwGGxI0EJ8SyBEc1rQ+Eii0mL83GSoR+Krrp4UwoguHpqxzPXI2M6/Meaj0facEwQjIHxVyOARWMpigJi2tuNSv/7qfGJftFD4eqIX1dyN3Wl+3hdvH5maBbYF34lOU3scKCVTWCoWpzkXhxnj5KtBS7LAOEVM/wZ1xqjT31+XZXqG5+8Zr8AwMFIX6U1ySp15jDS+BHYDYtBl1gcHPx5HQaKtTekpvKons8XklJGDvzyk7OzoOdL6h69ySyj root@ubuntu-xenial
-----END SSH HOST KEY KEYS-----
[   11.484827] cloud-init[1366]: Cloud-init v. 19.3-41-gc4735dd3-0ubuntu1~16.04.1 running 'modules:final' at Sun, 19 Jan 2020 23:26:28 +0000. Up 11.36 seconds.
[   11.486248] cloud-init[1366]: ci-info: no authorized ssh keys fingerprints found for user ubuntu.
[   11.487245] cloud-init[1366]: Cloud-init v. 19.3-41-gc4735dd3-0ubuntu1~16.04.1 finished at Sun, 19 Jan 2020 23:26:28 +0000. Datasource DataSourceNoCloud [seed=/dev/sdb][dsmode=net].  Up 11.47 seconds
[[0;32m  OK  [0m] Started Execute cloud user/final scripts.
[[0;32m  OK  [0m] Reached target Cloud-init target.

Ubuntu 16.04.6 LTS ubuntu-xenial ttyS0

ubuntu-xenial login: 